0 info it worked if it ends with ok
1 verbose cli [ '/usr/bin/node', '/usr/bin/npm', 'install', 'systemjs' ]
2 info using npm@3.5.2
3 info using node@v8.10.0
4 silly loadCurrentTree Starting
5 silly install loadCurrentTree
6 silly install readLocalPackageData
7 silly fetchPackageMetaData systemjs
8 silly fetchNamedPackageData systemjs
9 silly mapToRegistry name systemjs
10 silly mapToRegistry using default registry
11 silly mapToRegistry registry https://registry.npmjs.org/
12 silly mapToRegistry uri https://registry.npmjs.org/systemjs
13 verbose request uri https://registry.npmjs.org/systemjs
14 verbose request no auth needed
15 info attempt registry request try #1 at 1:06:24 PM
16 verbose request id 062187a65a3e3c9e
17 verbose etag W/"48b1ab6dd10d9b76ee56f51b5c1f9494"
18 verbose lastModified Wed, 31 Jul 2019 03:32:31 GMT
19 http request GET https://registry.npmjs.org/systemjs
20 http 304 https://registry.npmjs.org/systemjs
21 verbose headers { date: 'Thu, 29 Aug 2019 07:36:25 GMT',
21 verbose headers   connection: 'keep-alive',
21 verbose headers   'set-cookie':
21 verbose headers    [ '__cfduid=db5f815bd3d8d59cf3f330e2d4c86490a1567064185; expires=Fri, 28-Aug-20 07:36:25 GMT; path=/; domain=.npmjs.org; HttpOnly' ],
21 verbose headers   'cf-cache-status': 'HIT',
21 verbose headers   'cache-control': 'max-age=300',
21 verbose headers   'cf-ray': '50dcda948cd5d5cc-BOM',
21 verbose headers   age: '5022',
21 verbose headers   etag: '"48b1ab6dd10d9b76ee56f51b5c1f9494"',
21 verbose headers   'expect-ct': 'max-age=604800, report-uri="https://report-uri.cloudflare.com/cdn-cgi/beacon/expect-ct"',
21 verbose headers   'last-modified': 'Wed, 31 Jul 2019 03:32:31 GMT',
21 verbose headers   vary: 'accept-encoding, accept',
21 verbose headers   'x-amz-meta-rev': '270-c716d1668c60e53af5e9e310956c9db0',
21 verbose headers   server: 'cloudflare' }
22 silly get cb [ 304,
22 silly get   { date: 'Thu, 29 Aug 2019 07:36:25 GMT',
22 silly get     connection: 'keep-alive',
22 silly get     'set-cookie':
22 silly get      [ '__cfduid=db5f815bd3d8d59cf3f330e2d4c86490a1567064185; expires=Fri, 28-Aug-20 07:36:25 GMT; path=/; domain=.npmjs.org; HttpOnly' ],
22 silly get     'cf-cache-status': 'HIT',
22 silly get     'cache-control': 'max-age=300',
22 silly get     'cf-ray': '50dcda948cd5d5cc-BOM',
22 silly get     age: '5022',
22 silly get     etag: '"48b1ab6dd10d9b76ee56f51b5c1f9494"',
22 silly get     'expect-ct': 'max-age=604800, report-uri="https://report-uri.cloudflare.com/cdn-cgi/beacon/expect-ct"',
22 silly get     'last-modified': 'Wed, 31 Jul 2019 03:32:31 GMT',
22 silly get     vary: 'accept-encoding, accept',
22 silly get     'x-amz-meta-rev': '270-c716d1668c60e53af5e9e310956c9db0',
22 silly get     server: 'cloudflare' } ]
23 verbose etag https://registry.npmjs.org/systemjs from cache
24 verbose get saving systemjs to /home/ambab/.npm/registry.npmjs.org/systemjs/.cache.json
25 silly install normalizeTree
26 silly loadCurrentTree Finishing
27 silly loadIdealTree Starting
28 silly install loadIdealTree
29 silly cloneCurrentTree Starting
30 silly install cloneCurrentTreeToIdealTree
31 silly cloneCurrentTree Finishing
32 silly loadShrinkwrap Starting
33 silly install loadShrinkwrap
34 silly loadShrinkwrap Finishing
35 silly loadAllDepsIntoIdealTree Starting
36 silly install loadAllDepsIntoIdealTree
37 verbose stack Error: Missing required argument #1
37 verbose stack     at andLogAndFinish (/usr/share/npm/lib/fetch-package-metadata.js:31:3)
37 verbose stack     at fetchPackageMetadata (/usr/share/npm/lib/fetch-package-metadata.js:51:22)
37 verbose stack     at resolveWithNewModule (/usr/share/npm/lib/install/deps.js:456:12)
37 verbose stack     at /usr/share/npm/lib/install/deps.js:190:5
37 verbose stack     at /usr/share/npm/node_modules/slide/lib/async-map.js:52:35
37 verbose stack     at Array.forEach (<anonymous>)
37 verbose stack     at /usr/share/npm/node_modules/slide/lib/async-map.js:52:11
37 verbose stack     at Array.forEach (<anonymous>)
37 verbose stack     at asyncMap (/usr/share/npm/node_modules/slide/lib/async-map.js:51:8)
37 verbose stack     at exports.loadRequestedDeps (/usr/share/npm/lib/install/deps.js:188:3)
38 verbose cwd /home/ambab/Documents/ES6
39 error Linux 5.0.0-25-generic
40 error argv "/usr/bin/node" "/usr/bin/npm" "install" "systemjs"
41 error node v8.10.0
42 error npm  v3.5.2
43 error code EMISSINGARG
44 error typeerror Error: Missing required argument #1
44 error typeerror     at andLogAndFinish (/usr/share/npm/lib/fetch-package-metadata.js:31:3)
44 error typeerror     at fetchPackageMetadata (/usr/share/npm/lib/fetch-package-metadata.js:51:22)
44 error typeerror     at resolveWithNewModule (/usr/share/npm/lib/install/deps.js:456:12)
44 error typeerror     at /usr/share/npm/lib/install/deps.js:190:5
44 error typeerror     at /usr/share/npm/node_modules/slide/lib/async-map.js:52:35
44 error typeerror     at Array.forEach (<anonymous>)
44 error typeerror     at /usr/share/npm/node_modules/slide/lib/async-map.js:52:11
44 error typeerror     at Array.forEach (<anonymous>)
44 error typeerror     at asyncMap (/usr/share/npm/node_modules/slide/lib/async-map.js:51:8)
44 error typeerror     at exports.loadRequestedDeps (/usr/share/npm/lib/install/deps.js:188:3)
45 error typeerror This is an error with npm itself. Please report this error at:
45 error typeerror     <http://github.com/npm/npm/issues>
46 verbose exit [ 1, true ]
